<?xml version="1.0" encoding="UTF-8"?>
<testng-results ignored="0" total="10" passed="9" failed="1" skipped="0">
  <reporter-output>
  </reporter-output>
  <suite started-at="2025-08-24T00:20:13 BST" name="Default suite" finished-at="2025-08-24T00:20:21 BST" duration-ms="8096">
    <groups>
    </groups>
    <test started-at="2025-08-24T00:20:13 BST" name="Default test" finished-at="2025-08-24T00:20:21 BST" duration-ms="8096">
      <class name="APItest1.APItest">
        <test-method signature="testDataDrivenCSV()[pri:0, instance:APItest1.APItest@22555ebf]" started-at="2025-08-24T00:20:13 BST" name="testDataDrivenCSV" finished-at="2025-08-24T00:20:16 BST" duration-ms="3344" status="FAIL">
          <exception class="java.lang.AssertionError">
            <message>
              <![CDATA[Title mismatch at row 2]]>
            </message>
            <full-stacktrace>
              <![CDATA[java.lang.AssertionError: Title mismatch at row 2
at APItest1.APICRUDTests.datadrivencsv(APICRUDTests.java:347)
at APItest1.APItest.testDataDrivenCSV(APItest.java:57)
at java.base/jdk.internal.reflect.DirectMethodHandleAccessor.invoke(DirectMethodHandleAccessor.java:103)
at java.base/java.lang.reflect.Method.invoke(Method.java:580)
at org.testng.internal.invokers.MethodInvocationHelper.invokeMethod(MethodInvocationHelper.java:139)
at org.testng.internal.invokers.TestInvoker.invokeMethod(TestInvoker.java:664)
at org.testng.internal.invokers.TestInvoker.invokeTestMethod(TestInvoker.java:228)
at org.testng.internal.invokers.MethodRunner.runInSequence(MethodRunner.java:63)
at org.testng.internal.invokers.TestInvoker$MethodInvocationAgent.invoke(TestInvoker.java:961)
at org.testng.internal.invokers.TestInvoker.invokeTestMethods(TestInvoker.java:201)
at org.testng.internal.invokers.TestMethodWorker.invokeTestMethods(TestMethodWorker.java:148)
at org.testng.internal.invokers.TestMethodWorker.run(TestMethodWorker.java:128)
at java.base/java.util.ArrayList.forEach(ArrayList.java:1597)
at org.testng.TestRunner.privateRun(TestRunner.java:819)
at org.testng.TestRunner.run(TestRunner.java:619)
at org.testng.SuiteRunner.runTest(SuiteRunner.java:443)
at org.testng.SuiteRunner.runSequentially(SuiteRunner.java:437)
at org.testng.SuiteRunner.privateRun(SuiteRunner.java:397)
at org.testng.SuiteRunner.run(SuiteRunner.java:336)
at org.testng.SuiteRunnerWorker.runSuite(SuiteRunnerWorker.java:52)
at org.testng.SuiteRunnerWorker.run(SuiteRunnerWorker.java:95)
at org.testng.TestNG.runSuitesSequentially(TestNG.java:1301)
at org.testng.TestNG.runSuitesLocally(TestNG.java:1228)
at org.testng.TestNG.runSuites(TestNG.java:1134)
at org.testng.TestNG.run(TestNG.java:1101)
at org.testng.remote.AbstractRemoteTestNG.run(AbstractRemoteTestNG.java:115)
at org.testng.remote.RemoteTestNG.initAndRun(RemoteTestNG.java:293)
at org.testng.remote.RemoteTestNG.main(RemoteTestNG.java:91)
]]>
            </full-stacktrace>
          </exception> <!-- java.lang.AssertionError -->
          <reporter-output>
          </reporter-output>
        </test-method> <!-- testDataDrivenCSV -->
        <test-method signature="testDelete()[pri:0, instance:APItest1.APItest@22555ebf]" started-at="2025-08-24T00:20:16 BST" name="testDelete" finished-at="2025-08-24T00:20:17 BST" duration-ms="404" status="PASS">
          <reporter-output>
          </reporter-output>
        </test-method> <!-- testDelete -->
        <test-method signature="testDownloadFile()[pri:0, instance:APItest1.APItest@22555ebf]" started-at="2025-08-24T00:20:17 BST" name="testDownloadFile" finished-at="2025-08-24T00:20:18 BST" duration-ms="931" status="PASS">
          <reporter-output>
          </reporter-output>
        </test-method> <!-- testDownloadFile -->
        <test-method signature="testFileUploadDownload()[pri:0, instance:APItest1.APItest@22555ebf]" started-at="2025-08-24T00:20:18 BST" name="testFileUploadDownload" finished-at="2025-08-24T00:20:18 BST" duration-ms="296" status="PASS">
          <reporter-output>
          </reporter-output>
        </test-method> <!-- testFileUploadDownload -->
        <test-method signature="testGet()[pri:0, instance:APItest1.APItest@22555ebf]" started-at="2025-08-24T00:20:18 BST" name="testGet" finished-at="2025-08-24T00:20:19 BST" duration-ms="1359" status="PASS">
          <reporter-output>
          </reporter-output>
        </test-method> <!-- testGet -->
        <test-method signature="testPagination()[pri:0, instance:APItest1.APItest@22555ebf]" started-at="2025-08-24T00:20:19 BST" name="testPagination" finished-at="2025-08-24T00:20:20 BST" duration-ms="281" status="PASS">
          <reporter-output>
          </reporter-output>
        </test-method> <!-- testPagination -->
        <test-method signature="testPost()[pri:0, instance:APItest1.APItest@22555ebf]" started-at="2025-08-24T00:20:20 BST" name="testPost" finished-at="2025-08-24T00:20:20 BST" duration-ms="177" status="PASS">
          <reporter-output>
          </reporter-output>
        </test-method> <!-- testPost -->
        <test-method signature="testPostTime()[pri:0, instance:APItest1.APItest@22555ebf]" started-at="2025-08-24T00:20:20 BST" name="testPostTime" finished-at="2025-08-24T00:20:20 BST" duration-ms="162" status="PASS">
          <reporter-output>
          </reporter-output>
        </test-method> <!-- testPostTime -->
        <test-method signature="testPut()[pri:0, instance:APItest1.APItest@22555ebf]" started-at="2025-08-24T00:20:20 BST" name="testPut" finished-at="2025-08-24T00:20:20 BST" duration-ms="166" status="PASS">
          <reporter-output>
          </reporter-output>
        </test-method> <!-- testPut -->
        <test-method signature="testSchema()[pri:0, instance:APItest1.APItest@22555ebf]" started-at="2025-08-24T00:20:20 BST" name="testSchema" finished-at="2025-08-24T00:20:21 BST" duration-ms="874" status="PASS">
          <reporter-output>
          </reporter-output>
        </test-method> <!-- testSchema -->
      </class> <!-- APItest1.APItest -->
    </test> <!-- Default test -->
  </suite> <!-- Default suite -->
</testng-results>
